{"synthetic": false,
 "schemaVersion": "2025-09-10",
 "outputs":
 {"o": ["88b21edd39fa17af.olean"],
  "m": false,
  "i": "f6056824f9704566.ilean",
  "c": "6204452e540fb09f.c"},
 "log":
 [{"message":
   ".> LEAN_PATH=/home/xeclipse/.openscientist/worktrees/c31ad1/lean/.lake/packages/Cli/.lake/build/lib/lean:/home/xeclipse/.openscientist/worktrees/c31ad1/lean/.lake/packages/batteries/.lake/build/lib/lean:/home/xeclipse/.openscientist/worktrees/c31ad1/lean/.lake/packages/Qq/.lake/build/lib/lean:/home/xeclipse/.openscientist/worktrees/c31ad1/lean/.lake/packages/aesop/.lake/build/lib/lean:/home/xeclipse/.openscientist/worktrees/c31ad1/lean/.lake/packages/proofwidgets/.lake/build/lib/lean:/home/xeclipse/.openscientist/worktrees/c31ad1/lean/.lake/packages/importGraph/.lake/build/lib/lean:/home/xeclipse/.openscientist/worktrees/c31ad1/lean/.lake/packages/LeanSearchClient/.lake/build/lib/lean:/home/xeclipse/.openscientist/worktrees/c31ad1/lean/.lake/packages/plausible/.lake/build/lib/lean:/home/xeclipse/mathlib4/.lake/build/lib/lean:/home/xeclipse/.openscientist/worktrees/c31ad1/lean/.lake/build/lib/lean /home/xeclipse/.elan/toolchains/leanprover--lean4---v4.31.0-rc1/bin/lean /home/xeclipse/.openscientist/worktrees/c31ad1/lean/ArithmeticProgressions.lean -o /home/xeclipse/.openscientist/worktrees/c31ad1/lean/.lake/build/lib/lean/ArithmeticProgressions.olean -i /home/xeclipse/.openscientist/worktrees/c31ad1/lean/.lake/build/lib/lean/ArithmeticProgressions.ilean -c /home/xeclipse/.openscientist/worktrees/c31ad1/lean/.lake/build/ir/ArithmeticProgressions.c --setup /home/xeclipse/.openscientist/worktrees/c31ad1/lean/.lake/build/ir/ArithmeticProgressions.setup.json --json",
   "level": "trace"}],
 "inputs":
 [["ArithmeticProgressions:deps",
   [["deps",
     [["RkFormalization/RkFormalization:extraDep",
       [["@RkFormalization:extraDep", "00000000000006bb"]]],
      ["imports",
       [["Mathlib transitive imports (legacy)", "53e9e5e5e9b11de0"],
        ["Mathlib:importAllArts", "c8bacd6671b00ff7"]]]]],
    ["libs",
     [["import dynlibs", "00000000000006bb"],
      ["package external libraries", "00000000000006bb"],
      ["module dynlibs", "00000000000006bb"],
      ["module plugins", "00000000000006bb"]]]]],
  ["Lean 4.31.0, commit fd009949156901e6cf15b6d9bf1122294b8e697a",
   "148386281e429e9a"],
  ["/home/xeclipse/.openscientist/worktrees/c31ad1/lean/ArithmeticProgressions.lean",
   "dc27f96bf693d5ad"],
  ["options", "00000000000006bb"],
  ["isModule: false", "feefd2a0d3a1847e"],
  ["Module.name: ArithmeticProgressions", "2299fb29713a7893"],
  ["Package.id?: (some RkFormalization)", "dc88d096858a40c6"],
  ["Module.leanArgs: #[]", "00000000000006bb"]],
 "depHash": "2912981b39fd69bc"}