{"synthetic": false,
 "schemaVersion": "2025-09-10",
 "outputs":
 {"o": ["12aa49bec9623d97.olean"],
  "m": false,
  "i": "def5d697b2591da7.ilean",
  "c": "544f52a65fe6391b.c"},
 "log":
 [{"message":
   ".> LEAN_PATH=/home/xeclipse/.openscientist/worktrees/c31ad1/lean/.lake/packages/Cli/.lake/build/lib/lean:/home/xeclipse/.openscientist/worktrees/c31ad1/lean/.lake/packages/batteries/.lake/build/lib/lean:/home/xeclipse/.openscientist/worktrees/c31ad1/lean/.lake/packages/Qq/.lake/build/lib/lean:/home/xeclipse/.openscientist/worktrees/c31ad1/lean/.lake/packages/aesop/.lake/build/lib/lean:/home/xeclipse/.openscientist/worktrees/c31ad1/lean/.lake/packages/proofwidgets/.lake/build/lib/lean:/home/xeclipse/.openscientist/worktrees/c31ad1/lean/.lake/packages/importGraph/.lake/build/lib/lean:/home/xeclipse/.openscientist/worktrees/c31ad1/lean/.lake/packages/LeanSearchClient/.lake/build/lib/lean:/home/xeclipse/.openscientist/worktrees/c31ad1/lean/.lake/packages/plausible/.lake/build/lib/lean:/home/xeclipse/mathlib4/.lake/build/lib/lean:/home/xeclipse/.openscientist/worktrees/c31ad1/lean/.lake/build/lib/lean /home/xeclipse/.elan/toolchains/leanprover--lean4---v4.31.0-rc1/bin/lean /home/xeclipse/.openscientist/worktrees/c31ad1/lean/RkN.lean -o /home/xeclipse/.openscientist/worktrees/c31ad1/lean/.lake/build/lib/lean/RkN.olean -i /home/xeclipse/.openscientist/worktrees/c31ad1/lean/.lake/build/lib/lean/RkN.ilean -c /home/xeclipse/.openscientist/worktrees/c31ad1/lean/.lake/build/ir/RkN.c --setup /home/xeclipse/.openscientist/worktrees/c31ad1/lean/.lake/build/ir/RkN.setup.json --json",
   "level": "trace"},
  {"message": "RkN.lean:156:8: declaration uses `sorry`", "level": "warning"},
  {"message": "RkN.lean:175:8: declaration uses `sorry`", "level": "warning"},
  {"message": "RkN.lean:183:8: declaration uses `sorry`", "level": "warning"}],
 "inputs":
 [["RkN:deps",
   [["deps",
     [["RkFormalization/RkFormalization:extraDep",
       [["@RkFormalization:extraDep", "00000000000006bb"]]],
      ["imports",
       [["Mathlib transitive imports (legacy)", "53e9e5e5e9b11de0"],
        ["Mathlib:importAllArts", "c8bacd6671b00ff7"],
        ["ArithmeticProgressions transitive imports (legacy)",
         "5337e389b2511606"],
        ["ArithmeticProgressions:importAllArts", "b92b77cc158d70ad"]]]]],
    ["libs",
     [["import dynlibs", "00000000000006bb"],
      ["package external libraries", "00000000000006bb"],
      ["module dynlibs", "00000000000006bb"],
      ["module plugins", "00000000000006bb"]]]]],
  ["Lean 4.31.0, commit fd009949156901e6cf15b6d9bf1122294b8e697a",
   "148386281e429e9a"],
  ["/home/xeclipse/.openscientist/worktrees/c31ad1/lean/RkN.lean",
   "09d5dcc3ce255aed"],
  ["options", "00000000000006bb"],
  ["isModule: false", "feefd2a0d3a1847e"],
  ["Module.name: RkN", "29687e4785f4e2bc"],
  ["Package.id?: (some RkFormalization)", "dc88d096858a40c6"],
  ["Module.leanArgs: #[]", "00000000000006bb"]],
 "depHash": "67b38a3e7eb9afdd"}