{"synthetic": false,
 "schemaVersion": "2025-09-10",
 "outputs":
 {"o": ["3843aaad365e1c78.olean"],
  "m": false,
  "i": "a32af240ed718c75.ilean",
  "c": "7c2686e609131482.c"},
 "log":
 [{"message":
   ".> LEAN_PATH=/home/xeclipse/.openscientist/worktrees/c31ad1/lean/.lake/packages/Cli/.lake/build/lib/lean:/home/xeclipse/.openscientist/worktrees/c31ad1/lean/.lake/packages/batteries/.lake/build/lib/lean:/home/xeclipse/.openscientist/worktrees/c31ad1/lean/.lake/packages/Qq/.lake/build/lib/lean:/home/xeclipse/.openscientist/worktrees/c31ad1/lean/.lake/packages/aesop/.lake/build/lib/lean:/home/xeclipse/.openscientist/worktrees/c31ad1/lean/.lake/packages/proofwidgets/.lake/build/lib/lean:/home/xeclipse/.openscientist/worktrees/c31ad1/lean/.lake/packages/importGraph/.lake/build/lib/lean:/home/xeclipse/.openscientist/worktrees/c31ad1/lean/.lake/packages/LeanSearchClient/.lake/build/lib/lean:/home/xeclipse/.openscientist/worktrees/c31ad1/lean/.lake/packages/plausible/.lake/build/lib/lean:/home/xeclipse/mathlib4/.lake/build/lib/lean:/home/xeclipse/.openscientist/worktrees/c31ad1/lean/.lake/build/lib/lean /home/xeclipse/.elan/toolchains/leanprover--lean4---v4.31.0-rc1/bin/lean /home/xeclipse/.openscientist/worktrees/c31ad1/lean/UpperBounds.lean -o /home/xeclipse/.openscientist/worktrees/c31ad1/lean/.lake/build/lib/lean/UpperBounds.olean -i /home/xeclipse/.openscientist/worktrees/c31ad1/lean/.lake/build/lib/lean/UpperBounds.ilean -c /home/xeclipse/.openscientist/worktrees/c31ad1/lean/.lake/build/ir/UpperBounds.c --setup /home/xeclipse/.openscientist/worktrees/c31ad1/lean/.lake/build/ir/UpperBounds.setup.json --json",
   "level": "trace"},
  {"message": "UpperBounds.lean:59:8: declaration uses `sorry`",
   "level": "warning"},
  {"message": "UpperBounds.lean:70:8: declaration uses `sorry`",
   "level": "warning"},
  {"message": "UpperBounds.lean:81:8: declaration uses `sorry`",
   "level": "warning"},
  {"message": "UpperBounds.lean:111:8: declaration uses `sorry`",
   "level": "warning"},
  {"message": "UpperBounds.lean:155:8: declaration uses `sorry`",
   "level": "warning"},
  {"message": "UpperBounds.lean:161:8: declaration uses `sorry`",
   "level": "warning"}],
 "inputs":
 [["UpperBounds:deps",
   [["deps",
     [["RkFormalization/RkFormalization:extraDep",
       [["@RkFormalization:extraDep", "00000000000006bb"]]],
      ["imports",
       [["Mathlib transitive imports (legacy)", "53e9e5e5e9b11de0"],
        ["Mathlib:importAllArts", "c8bacd6671b00ff7"],
        ["ArithmeticProgressions transitive imports (legacy)",
         "5337e389b2511606"],
        ["ArithmeticProgressions:importAllArts", "b92b77cc158d70ad"],
        ["RkN transitive imports (legacy)", "f8f6ee31ee9c3a21"],
        ["RkN:importAllArts", "272cb36c211e8d00"]]]]],
    ["libs",
     [["import dynlibs", "00000000000006bb"],
      ["package external libraries", "00000000000006bb"],
      ["module dynlibs", "00000000000006bb"],
      ["module plugins", "00000000000006bb"]]]]],
  ["Lean 4.31.0, commit fd009949156901e6cf15b6d9bf1122294b8e697a",
   "148386281e429e9a"],
  ["/home/xeclipse/.openscientist/worktrees/c31ad1/lean/UpperBounds.lean",
   "1456c1503cdde1f0"],
  ["options", "00000000000006bb"],
  ["isModule: false", "feefd2a0d3a1847e"],
  ["Module.name: UpperBounds", "59cb68534536fb3b"],
  ["Package.id?: (some RkFormalization)", "dc88d096858a40c6"],
  ["Module.leanArgs: #[]", "00000000000006bb"]],
 "depHash": "f60ea9d5a9b70c52"}