{"synthetic": false,
 "schemaVersion": "2025-09-10",
 "outputs":
 {"o": ["f3dbc5db598c1416.olean"],
  "m": false,
  "i": "efa8728e29fc9c8f.ilean",
  "c": "54c2015398996bc7.c"},
 "log":
 [{"message":
   ".> LEAN_PATH=/home/xeclipse/.openscientist/worktrees/c31ad1/lean/.lake/packages/Cli/.lake/build/lib/lean:/home/xeclipse/.openscientist/worktrees/c31ad1/lean/.lake/packages/batteries/.lake/build/lib/lean:/home/xeclipse/.openscientist/worktrees/c31ad1/lean/.lake/packages/Qq/.lake/build/lib/lean:/home/xeclipse/.openscientist/worktrees/c31ad1/lean/.lake/packages/aesop/.lake/build/lib/lean:/home/xeclipse/.openscientist/worktrees/c31ad1/lean/.lake/packages/proofwidgets/.lake/build/lib/lean:/home/xeclipse/.openscientist/worktrees/c31ad1/lean/.lake/packages/importGraph/.lake/build/lib/lean:/home/xeclipse/.openscientist/worktrees/c31ad1/lean/.lake/packages/LeanSearchClient/.lake/build/lib/lean:/home/xeclipse/.openscientist/worktrees/c31ad1/lean/.lake/packages/plausible/.lake/build/lib/lean:/home/xeclipse/mathlib4/.lake/build/lib/lean:/home/xeclipse/.openscientist/worktrees/c31ad1/lean/.lake/build/lib/lean /home/xeclipse/.elan/toolchains/leanprover--lean4---v4.31.0-rc1/bin/lean /home/xeclipse/.openscientist/worktrees/c31ad1/lean/BridgeProofAttempt.lean -o /home/xeclipse/.openscientist/worktrees/c31ad1/lean/.lake/build/lib/lean/BridgeProofAttempt.olean -i /home/xeclipse/.openscientist/worktrees/c31ad1/lean/.lake/build/lib/lean/BridgeProofAttempt.ilean -c /home/xeclipse/.openscientist/worktrees/c31ad1/lean/.lake/build/ir/BridgeProofAttempt.c --setup /home/xeclipse/.openscientist/worktrees/c31ad1/lean/.lake/build/ir/BridgeProofAttempt.setup.json --json",
   "level": "trace"}],
 "inputs":
 [["BridgeProofAttempt:deps",
   [["deps",
     [["RkFormalization/RkFormalization:extraDep",
       [["@RkFormalization:extraDep", "00000000000006bb"]]],
      ["imports",
       [["Mathlib transitive imports (legacy)", "53e9e5e5e9b11de0"],
        ["Mathlib:importAllArts", "c8bacd6671b00ff7"],
        ["ArithmeticProgressions transitive imports (legacy)",
         "5337e389b2511606"],
        ["ArithmeticProgressions:importAllArts", "b92b77cc158d70ad"],
        ["RkN transitive imports (legacy)", "f8f6ee31ee9c3a21"],
        ["RkN:importAllArts", "272cb36c211e8d00"]]]]],
    ["libs",
     [["import dynlibs", "00000000000006bb"],
      ["package external libraries", "00000000000006bb"],
      ["module dynlibs", "00000000000006bb"],
      ["module plugins", "00000000000006bb"]]]]],
  ["Lean 4.31.0, commit fd009949156901e6cf15b6d9bf1122294b8e697a",
   "148386281e429e9a"],
  ["/home/xeclipse/.openscientist/worktrees/c31ad1/lean/BridgeProofAttempt.lean",
   "8a221b8fde4f0e69"],
  ["options", "00000000000006bb"],
  ["isModule: false", "feefd2a0d3a1847e"],
  ["Module.name: BridgeProofAttempt", "67ebc1a2c3541f19"],
  ["Package.id?: (some RkFormalization)", "dc88d096858a40c6"],
  ["Module.leanArgs: #[]", "00000000000006bb"]],
 "depHash": "60d090690a443b05"}