{"synthetic": false,
 "schemaVersion": "2025-09-10",
 "outputs":
 {"o": ["f38f435be69ad44a.olean"],
  "m": false,
  "i": "b2ced548984d2ea7.ilean",
  "c": "9d3bb52cefe33236.c"},
 "log":
 [{"message":
   ".> LEAN_PATH=/home/xeclipse/Documents/Programming/Erdos/143/lean/.lake/packages/Cli/.lake/build/lib/lean:/home/xeclipse/Documents/Programming/Erdos/143/lean/.lake/packages/batteries/.lake/build/lib/lean:/home/xeclipse/Documents/Programming/Erdos/143/lean/.lake/packages/Qq/.lake/build/lib/lean:/home/xeclipse/Documents/Programming/Erdos/143/lean/.lake/packages/aesop/.lake/build/lib/lean:/home/xeclipse/Documents/Programming/Erdos/143/lean/.lake/packages/proofwidgets/.lake/build/lib/lean:/home/xeclipse/Documents/Programming/Erdos/143/lean/.lake/packages/importGraph/.lake/build/lib/lean:/home/xeclipse/Documents/Programming/Erdos/143/lean/.lake/packages/LeanSearchClient/.lake/build/lib/lean:/home/xeclipse/Documents/Programming/Erdos/143/lean/.lake/packages/plausible/.lake/build/lib/lean:/home/xeclipse/mathlib4/.lake/build/lib/lean:/home/xeclipse/Documents/Programming/Erdos/143/lean/.lake/build/lib/lean /home/xeclipse/.elan/toolchains/leanprover--lean4---v4.31.0-rc1/bin/lean /home/xeclipse/Documents/Programming/Erdos/143/lean/VanCorput.lean -o /home/xeclipse/Documents/Programming/Erdos/143/lean/.lake/build/lib/lean/VanCorput.olean -i /home/xeclipse/Documents/Programming/Erdos/143/lean/.lake/build/lib/lean/VanCorput.ilean -c /home/xeclipse/Documents/Programming/Erdos/143/lean/.lake/build/ir/VanCorput.c --setup /home/xeclipse/Documents/Programming/Erdos/143/lean/.lake/build/ir/VanCorput.setup.json --json",
   "level": "trace"},
  {"message":
   "VanCorput.lean:218:58: Variable name `hN` is not explicitly referenced.\n\nThe binding can be removed (if unused) or named `_` (if used implicitly).\n\nNote: This linter can be disabled with `set_option linter.unusedVariables false`",
   "level": "warning"},
  {"message": "VanCorput.lean:368:6: declaration uses `sorry`",
   "level": "warning"},
  {"message": "VanCorput.lean:416:8: declaration uses `sorry`",
   "level": "warning"},
  {"message": "VanCorput.lean:451:8: declaration uses `sorry`",
   "level": "warning"}],
 "inputs":
 [["VanCorput:deps",
   [["deps",
     [["RkFormalization/RkFormalization:extraDep",
       [["@RkFormalization:extraDep", "00000000000006bb"]]],
      ["imports",
       [["Mathlib transitive imports (legacy)", "53e9e5e5e9b11de0"],
        ["Mathlib:importAllArts", "c8bacd6671b00ff7"],
        ["ArithmeticProgressions transitive imports (legacy)",
         "5337e389b2511606"],
        ["ArithmeticProgressions:importAllArts", "b92b77cc158d70ad"],
        ["RkN transitive imports (legacy)", "f8f6ee31ee9c3a21"],
        ["RkN:importAllArts", "272cb36c211e8d00"],
        ["UpperBounds transitive imports (legacy)", "944521d6ff039ea1"],
        ["UpperBounds:importAllArts", "09b74805f6c05c50"]]]]],
    ["libs",
     [["import dynlibs", "00000000000006bb"],
      ["package external libraries", "00000000000006bb"],
      ["module dynlibs", "00000000000006bb"],
      ["module plugins", "00000000000006bb"]]]]],
  ["Lean 4.31.0, commit fd009949156901e6cf15b6d9bf1122294b8e697a",
   "148386281e429e9a"],
  ["/home/xeclipse/Documents/Programming/Erdos/143/lean/VanCorput.lean",
   "1d90ef554c411abe"],
  ["options", "00000000000006bb"],
  ["isModule: false", "feefd2a0d3a1847e"],
  ["Module.name: VanCorput", "0895cd18a468075e"],
  ["Package.id?: (some RkFormalization)", "dc88d096858a40c6"],
  ["Module.leanArgs: #[]", "00000000000006bb"]],
 "depHash": "5cb9768ce4af5e2c"}